
 /----------------------------------------------------------------------------\
 |  yosys -- Yosys Open SYnthesis Suite                                       |
 |  Copyright (C) 2012 - 2026  Claire Xenia Wolf <claire@yosyshq.com>         |
 |  Distributed under an ISC-like license, type "license" to see terms        |
 \----------------------------------------------------------------------------/
 Yosys 0.64 (git sha1 d8dab5b32666564eca8e18f412973853ce006e61, clang++ 21.0.0 -fPIC -O3)

-- Running command `read_verilog /Users/lyle/Project/ASIC/asic-fp32-exp/asic/ip/fp32_to_int.v;              synth -top fp32_to_int;              write_json /Users/lyle/Project/ASIC/asic-fp32-exp/asic/ip/fp32_to_int.json' --

1. Executing Verilog-2005 frontend: /Users/lyle/Project/ASIC/asic-fp32-exp/asic/ip/fp32_to_int.v
Parsing Verilog input from `/Users/lyle/Project/ASIC/asic-fp32-exp/asic/ip/fp32_to_int.v' to AST representation.
Generating RTLIL representation for module `\fp32_to_int'.
Successfully finished Verilog frontend.

2. Executing SYNTH pass.

2.1. Executing HIERARCHY pass (managing design hierarchy).

2.1.1. Analyzing design hierarchy..
Top module:  \fp32_to_int

2.1.2. Analyzing design hierarchy..
Top module:  \fp32_to_int
Removed 0 unused modules.

2.2. Executing PROC pass (convert processes to netlists).

2.2.1. Executing PROC_CLEAN pass (remove empty switches from decision trees).
Cleaned up 0 empty switches.

2.2.2. Executing PROC_RMDEAD pass (remove dead branches from decision trees).
Marked 7 switch rules as full_case in process $proc$/Users/lyle/Project/ASIC/asic-fp32-exp/asic/ip/fp32_to_int.v:123$29 in module fp32_to_int.
Removed a total of 0 dead cases.

2.2.3. Executing PROC_PRUNE pass (remove redundant assignments in processes).
Removed 0 redundant assignments.
Promoted 1 assignment to connection.

2.2.4. Executing PROC_INIT pass (extract init attributes).

2.2.5. Executing PROC_ARST pass (detect async resets in processes).

2.2.6. Executing PROC_ROM pass (convert switches to ROMs).
Converted 0 switches.
<suppressed ~7 debug messages>

2.2.7. Executing PROC_MUX pass (convert decision trees to multiplexers).
Creating decoders for process `\fp32_to_int.$proc$/Users/lyle/Project/ASIC/asic-fp32-exp/asic/ip/fp32_to_int.v:123$29'.
     1/7: $7\result[15:0]
     2/7: $6\result[15:0]
     3/7: $5\result[15:0]
     4/7: $4\result[15:0]
     5/7: $3\result[15:0]
     6/7: $2\result[15:0]
     7/7: $1\result[15:0]

2.2.8. Executing PROC_DLATCH pass (convert process syncs to latches).
No latch inferred for signal `\fp32_to_int.\result' from process `\fp32_to_int.$proc$/Users/lyle/Project/ASIC/asic-fp32-exp/asic/ip/fp32_to_int.v:123$29'.

2.2.9. Executing PROC_DFF pass (convert process syncs to FFs).

2.2.10. Executing PROC_MEMWR pass (convert process memory writes to cells).

2.2.11. Executing PROC_CLEAN pass (remove empty switches from decision trees).
Found and cleaned up 7 empty switches in `\fp32_to_int.$proc$/Users/lyle/Project/ASIC/asic-fp32-exp/asic/ip/fp32_to_int.v:123$29'.
Removing empty process `fp32_to_int.$proc$/Users/lyle/Project/ASIC/asic-fp32-exp/asic/ip/fp32_to_int.v:123$29'.
Cleaned up 7 empty switches.

2.2.12. Executing OPT_EXPR pass (perform const folding).
Optimizing module fp32_to_int.
<suppressed ~4 debug messages>

2.3. Executing OPT_EXPR pass (perform const folding).
Optimizing module fp32_to_int.

2.4. Executing OPT_CLEAN pass (remove unused cells and wires).
Finding unused cells or wires in module \fp32_to_int..
Removed 0 unused cells and 51 unused wires.
<suppressed ~1 debug messages>

2.5. Executing CHECK pass (checking for obvious problems).
Checking module fp32_to_int...
Found and reported 0 problems.

2.6. Executing OPT pass (performing simple optimizations).

2.6.1. Executing OPT_EXPR pass (perform const folding).
Optimizing module fp32_to_int.

2.6.2. Executing OPT_MERGE pass (detect identical cells).
Finding identical cells in module `\fp32_to_int'.
Computing hashes of 61 cells of `\fp32_to_int'.
Finding duplicate cells in `\fp32_to_int'.
Computing hashes of 60 cells of `\fp32_to_int'.
Finding duplicate cells in `\fp32_to_int'.
<suppressed ~3 debug messages>
Removed a total of 1 cells.

2.6.3. Executing OPT_MUXTREE pass (detect dead branches in mux trees).
Running muxtree optimizer on module \fp32_to_int..
  Creating internal representation of mux trees.
  Evaluating internal representation of mux trees.
  Analyzing evaluation results.
    dead port 1/2 on $mux $procmux$112.
    dead port 1/2 on $mux $procmux$106.
    dead port 1/2 on $mux $procmux$103.
    dead port 1/2 on $mux $procmux$97.
    dead port 1/2 on $mux $procmux$94.
    dead port 1/2 on $mux $procmux$91.
    dead port 1/2 on $mux $procmux$85.
    dead port 1/2 on $mux $procmux$82.
    dead port 1/2 on $mux $procmux$79.
    dead port 1/2 on $mux $procmux$76.
    dead port 1/2 on $mux $procmux$70.
    dead port 1/2 on $mux $procmux$67.
    dead port 1/2 on $mux $procmux$64.
    dead port 1/2 on $mux $procmux$61.
    dead port 2/2 on $mux $procmux$58.
    dead port 1/2 on $mux $procmux$52.
    dead port 1/2 on $mux $procmux$49.
    dead port 1/2 on $mux $procmux$46.
    dead port 1/2 on $mux $procmux$43.
    dead port 1/2 on $mux $procmux$40.
Removed 20 multiplexer ports.
<suppressed ~34 debug messages>

2.6.4. Executing OPT_REDUCE pass (consolidate $*mux and $reduce_* inputs).
  Optimizing cells in module \fp32_to_int.
Performed a total of 0 changes.

2.6.5. Executing OPT_MERGE pass (detect identical cells).
Finding identical cells in module `\fp32_to_int'.
Computing hashes of 40 cells of `\fp32_to_int'.
Finding duplicate cells in `\fp32_to_int'.
Removed a total of 0 cells.

2.6.6. Executing OPT_DFF pass (perform DFF optimizations).

2.6.7. Executing OPT_CLEAN pass (remove unused cells and wires).
Finding unused cells or wires in module \fp32_to_int..
Removed 0 unused cells and 21 unused wires.
<suppressed ~1 debug messages>

2.6.8. Executing OPT_EXPR pass (perform const folding).
Optimizing module fp32_to_int.

2.6.9. Rerunning OPT passes. (Maybe there is more to do..)

2.6.10. Executing OPT_MUXTREE pass (detect dead branches in mux trees).
Running muxtree optimizer on module \fp32_to_int..
  Creating internal representation of mux trees.
  Evaluating internal representation of mux trees.
  Analyzing evaluation results.
Removed 0 multiplexer ports.
<suppressed ~14 debug messages>

2.6.11. Executing OPT_REDUCE pass (consolidate $*mux and $reduce_* inputs).
  Optimizing cells in module \fp32_to_int.
Performed a total of 0 changes.

2.6.12. Executing OPT_MERGE pass (detect identical cells).
Finding identical cells in module `\fp32_to_int'.
Computing hashes of 40 cells of `\fp32_to_int'.
Finding duplicate cells in `\fp32_to_int'.
Removed a total of 0 cells.

2.6.13. Executing OPT_DFF pass (perform DFF optimizations).

2.6.14. Executing OPT_CLEAN pass (remove unused cells and wires).
Finding unused cells or wires in module \fp32_to_int..

2.6.15. Executing OPT_EXPR pass (perform const folding).
Optimizing module fp32_to_int.

2.6.16. Finished fast OPT passes. (There is nothing left to do.)

2.7. Executing FSM pass (extract and optimize FSM).

2.7.1. Executing FSM_DETECT pass (finding FSMs in design).

2.7.2. Executing FSM_EXTRACT pass (extracting FSM from design).

2.7.3. Executing FSM_OPT pass (simple optimizations of FSMs).

2.7.4. Executing OPT_CLEAN pass (remove unused cells and wires).
Finding unused cells or wires in module \fp32_to_int..

2.7.5. Executing FSM_OPT pass (simple optimizations of FSMs).

2.7.6. Executing FSM_RECODE pass (re-assigning FSM state encoding).

2.7.7. Executing FSM_INFO pass (dumping all available information on FSM cells).

2.7.8. Executing FSM_MAP pass (mapping FSMs to basic logic).

2.8. Executing OPT pass (performing simple optimizations).

2.8.1. Executing OPT_EXPR pass (perform const folding).
Optimizing module fp32_to_int.

2.8.2. Executing OPT_MERGE pass (detect identical cells).
Finding identical cells in module `\fp32_to_int'.
Computing hashes of 40 cells of `\fp32_to_int'.
Finding duplicate cells in `\fp32_to_int'.
Removed a total of 0 cells.

2.8.3. Executing OPT_MUXTREE pass (detect dead branches in mux trees).
Running muxtree optimizer on module \fp32_to_int..
  Creating internal representation of mux trees.
  Evaluating internal representation of mux trees.
  Analyzing evaluation results.
Removed 0 multiplexer ports.
<suppressed ~14 debug messages>

2.8.4. Executing OPT_REDUCE pass (consolidate $*mux and $reduce_* inputs).
  Optimizing cells in module \fp32_to_int.
Performed a total of 0 changes.

2.8.5. Executing OPT_MERGE pass (detect identical cells).
Finding identical cells in module `\fp32_to_int'.
Computing hashes of 40 cells of `\fp32_to_int'.
Finding duplicate cells in `\fp32_to_int'.
Removed a total of 0 cells.

2.8.6. Executing OPT_DFF pass (perform DFF optimizations).

2.8.7. Executing OPT_CLEAN pass (remove unused cells and wires).
Finding unused cells or wires in module \fp32_to_int..

2.8.8. Executing OPT_EXPR pass (perform const folding).
Optimizing module fp32_to_int.

2.8.9. Finished fast OPT passes. (There is nothing left to do.)

2.9. Executing WREDUCE pass (reducing word size of cells).
Removed top 1 bits (of 9) from port A of cell fp32_to_int.$sub$/Users/lyle/Project/ASIC/asic-fp32-exp/asic/ip/fp32_to_int.v:49$8 ($sub).
Removed top 2 bits (of 9) from port B of cell fp32_to_int.$sub$/Users/lyle/Project/ASIC/asic-fp32-exp/asic/ip/fp32_to_int.v:49$8 ($sub).
Removed top 4 bits (of 9) from port B of cell fp32_to_int.$ge$/Users/lyle/Project/ASIC/asic-fp32-exp/asic/ip/fp32_to_int.v:86$9 ($ge).
Removed top 8 bits (of 24) from port Y of cell fp32_to_int.$shr$/Users/lyle/Project/ASIC/asic-fp32-exp/asic/ip/fp32_to_int.v:90$13 ($shr).
Removed top 1 bits (of 17) from port A of cell fp32_to_int.$add$/Users/lyle/Project/ASIC/asic-fp32-exp/asic/ip/fp32_to_int.v:107$22 ($add).
Removed top 16 bits (of 17) from port B of cell fp32_to_int.$add$/Users/lyle/Project/ASIC/asic-fp32-exp/asic/ip/fp32_to_int.v:107$22 ($add).
Removed top 5 bits (of 9) from port B of cell fp32_to_int.$ge$/Users/lyle/Project/ASIC/asic-fp32-exp/asic/ip/fp32_to_int.v:116$25 ($ge).
Removed top 2 bits (of 17) from port B of cell fp32_to_int.$gt$/Users/lyle/Project/ASIC/asic-fp32-exp/asic/ip/fp32_to_int.v:118$27 ($gt).
Removed top 1 bits (of 17) from port B of cell fp32_to_int.$gt$/Users/lyle/Project/ASIC/asic-fp32-exp/asic/ip/fp32_to_int.v:119$28 ($gt).
Removed top 14 bits (of 16) from port A of cell fp32_to_int.$neg$/Users/lyle/Project/ASIC/asic-fp32-exp/asic/ip/fp32_to_int.v:128$32 ($neg).
Converting cell fp32_to_int.$neg$/Users/lyle/Project/ASIC/asic-fp32-exp/asic/ip/fp32_to_int.v:128$32 ($neg) from signed to unsigned.
Removed top 1 bits (of 2) from port A of cell fp32_to_int.$neg$/Users/lyle/Project/ASIC/asic-fp32-exp/asic/ip/fp32_to_int.v:128$32 ($neg).
Converting cell fp32_to_int.$neg$/Users/lyle/Project/ASIC/asic-fp32-exp/asic/ip/fp32_to_int.v:140$35 ($neg) from signed to unsigned.
Removed top 1 bits (of 17) from port Y of cell fp32_to_int.$neg$/Users/lyle/Project/ASIC/asic-fp32-exp/asic/ip/fp32_to_int.v:140$35 ($neg).
Removed top 1 bits (of 17) from port A of cell fp32_to_int.$neg$/Users/lyle/Project/ASIC/asic-fp32-exp/asic/ip/fp32_to_int.v:140$35 ($neg).
Removed top 1 bits (of 17) from wire fp32_to_int.$neg$/Users/lyle/Project/ASIC/asic-fp32-exp/asic/ip/fp32_to_int.v:140$35_Y.

2.10. Executing PEEPOPT pass (run peephole optimizers).

2.11. Executing OPT_CLEAN pass (remove unused cells and wires).
Finding unused cells or wires in module \fp32_to_int..
Removed 0 unused cells and 1 unused wires.
<suppressed ~1 debug messages>

2.12. Executing ALUMACC pass (create $alu and $macc cells).
Extracting $alu and $macc cells in module fp32_to_int:
  creating $macc model for $neg$/Users/lyle/Project/ASIC/asic-fp32-exp/asic/ip/fp32_to_int.v:140$35 ($neg).
  creating $macc model for $neg$/Users/lyle/Project/ASIC/asic-fp32-exp/asic/ip/fp32_to_int.v:128$32 ($neg).
  creating $macc model for $add$/Users/lyle/Project/ASIC/asic-fp32-exp/asic/ip/fp32_to_int.v:107$22 ($add).
  creating $macc model for $sub$/Users/lyle/Project/ASIC/asic-fp32-exp/asic/ip/fp32_to_int.v:96$14 ($sub).
  creating $macc model for $sub$/Users/lyle/Project/ASIC/asic-fp32-exp/asic/ip/fp32_to_int.v:87$11 ($sub).
  creating $macc model for $sub$/Users/lyle/Project/ASIC/asic-fp32-exp/asic/ip/fp32_to_int.v:49$8 ($sub).
  creating $alu model for $macc $sub$/Users/lyle/Project/ASIC/asic-fp32-exp/asic/ip/fp32_to_int.v:49$8.
  creating $alu model for $macc $sub$/Users/lyle/Project/ASIC/asic-fp32-exp/asic/ip/fp32_to_int.v:87$11.
  creating $alu model for $macc $sub$/Users/lyle/Project/ASIC/asic-fp32-exp/asic/ip/fp32_to_int.v:96$14.
  creating $alu model for $macc $add$/Users/lyle/Project/ASIC/asic-fp32-exp/asic/ip/fp32_to_int.v:107$22.
  creating $alu model for $macc $neg$/Users/lyle/Project/ASIC/asic-fp32-exp/asic/ip/fp32_to_int.v:128$32.
  creating $alu model for $macc $neg$/Users/lyle/Project/ASIC/asic-fp32-exp/asic/ip/fp32_to_int.v:140$35.
  creating $alu model for $gt$/Users/lyle/Project/ASIC/asic-fp32-exp/asic/ip/fp32_to_int.v:119$28 ($gt): new $alu
  creating $alu model for $gt$/Users/lyle/Project/ASIC/asic-fp32-exp/asic/ip/fp32_to_int.v:118$27 ($gt): new $alu
  creating $alu model for $ge$/Users/lyle/Project/ASIC/asic-fp32-exp/asic/ip/fp32_to_int.v:116$25 ($ge): new $alu
  creating $alu model for $ge$/Users/lyle/Project/ASIC/asic-fp32-exp/asic/ip/fp32_to_int.v:86$9 ($ge): new $alu
  creating $alu cell for $ge$/Users/lyle/Project/ASIC/asic-fp32-exp/asic/ip/fp32_to_int.v:86$9: $auto$alumacc.cc:512:replace_alu$122
  creating $alu cell for $ge$/Users/lyle/Project/ASIC/asic-fp32-exp/asic/ip/fp32_to_int.v:116$25: $auto$alumacc.cc:512:replace_alu$135
  creating $alu cell for $gt$/Users/lyle/Project/ASIC/asic-fp32-exp/asic/ip/fp32_to_int.v:118$27: $auto$alumacc.cc:512:replace_alu$148
  creating $alu cell for $gt$/Users/lyle/Project/ASIC/asic-fp32-exp/asic/ip/fp32_to_int.v:119$28: $auto$alumacc.cc:512:replace_alu$159
  creating $alu cell for $neg$/Users/lyle/Project/ASIC/asic-fp32-exp/asic/ip/fp32_to_int.v:140$35: $auto$alumacc.cc:512:replace_alu$170
  creating $alu cell for $neg$/Users/lyle/Project/ASIC/asic-fp32-exp/asic/ip/fp32_to_int.v:128$32: $auto$alumacc.cc:512:replace_alu$173
  creating $alu cell for $add$/Users/lyle/Project/ASIC/asic-fp32-exp/asic/ip/fp32_to_int.v:107$22: $auto$alumacc.cc:512:replace_alu$176
  creating $alu cell for $sub$/Users/lyle/Project/ASIC/asic-fp32-exp/asic/ip/fp32_to_int.v:96$14: $auto$alumacc.cc:512:replace_alu$179
  creating $alu cell for $sub$/Users/lyle/Project/ASIC/asic-fp32-exp/asic/ip/fp32_to_int.v:87$11: $auto$alumacc.cc:512:replace_alu$182
  creating $alu cell for $sub$/Users/lyle/Project/ASIC/asic-fp32-exp/asic/ip/fp32_to_int.v:49$8: $auto$alumacc.cc:512:replace_alu$185
  created 10 $alu and 0 $macc cells.

2.13. Executing SHARE pass (SAT-based resource sharing).
Found 2 cells in module fp32_to_int that may be considered for resource sharing.
  Analyzing resource sharing options for $shr$/Users/lyle/Project/ASIC/asic-fp32-exp/asic/ip/fp32_to_int.v:90$13 ($shr):
    Found 4 activation_patterns using ctrl signal { $logic_or$/Users/lyle/Project/ASIC/asic-fp32-exp/asic/ip/fp32_to_int.v:124$31_Y \exp_overflow \is_neg32768 \true_exp [8] \a [31] $auto$rtlil.cc:3255:Not$158 $auto$rtlil.cc:3255:Not$169 }.
    No candidates found.
  Analyzing resource sharing options for $shl$/Users/lyle/Project/ASIC/asic-fp32-exp/asic/ip/fp32_to_int.v:97$16 ($shl):
    Found 4 activation_patterns using ctrl signal { $logic_or$/Users/lyle/Project/ASIC/asic-fp32-exp/asic/ip/fp32_to_int.v:124$31_Y $eq$/Users/lyle/Project/ASIC/asic-fp32-exp/asic/ip/fp32_to_int.v:97$15_Y \exp_overflow \is_neg32768 \true_exp [8] \a [31] $auto$rtlil.cc:3255:Not$158 $auto$rtlil.cc:3255:Not$169 }.
    No candidates found.

2.14. Executing OPT pass (performing simple optimizations).

2.14.1. Executing OPT_EXPR pass (perform const folding).
Optimizing module fp32_to_int.
<suppressed ~2 debug messages>

2.14.2. Executing OPT_MERGE pass (detect identical cells).
Finding identical cells in module `\fp32_to_int'.
Computing hashes of 58 cells of `\fp32_to_int'.
Finding duplicate cells in `\fp32_to_int'.
Removed a total of 0 cells.

2.14.3. Executing OPT_MUXTREE pass (detect dead branches in mux trees).
Running muxtree optimizer on module \fp32_to_int..
  Creating internal representation of mux trees.
  Evaluating internal representation of mux trees.
  Analyzing evaluation results.
Removed 0 multiplexer ports.
<suppressed ~14 debug messages>

2.14.4. Executing OPT_REDUCE pass (consolidate $*mux and $reduce_* inputs).
  Optimizing cells in module \fp32_to_int.
Performed a total of 0 changes.

2.14.5. Executing OPT_MERGE pass (detect identical cells).
Finding identical cells in module `\fp32_to_int'.
Computing hashes of 58 cells of `\fp32_to_int'.
Finding duplicate cells in `\fp32_to_int'.
Removed a total of 0 cells.

2.14.6. Executing OPT_DFF pass (perform DFF optimizations).

2.14.7. Executing OPT_CLEAN pass (remove unused cells and wires).
Finding unused cells or wires in module \fp32_to_int..
Removed 2 unused cells and 6 unused wires.
<suppressed ~5 debug messages>

2.14.8. Executing OPT_EXPR pass (perform const folding).
Optimizing module fp32_to_int.

2.14.9. Rerunning OPT passes. (Maybe there is more to do..)

2.14.10. Executing OPT_MUXTREE pass (detect dead branches in mux trees).
Running muxtree optimizer on module \fp32_to_int..
  Creating internal representation of mux trees.
  Evaluating internal representation of mux trees.
  Analyzing evaluation results.
Removed 0 multiplexer ports.
<suppressed ~14 debug messages>

2.14.11. Executing OPT_REDUCE pass (consolidate $*mux and $reduce_* inputs).
  Optimizing cells in module \fp32_to_int.
Performed a total of 0 changes.

2.14.12. Executing OPT_MERGE pass (detect identical cells).
Finding identical cells in module `\fp32_to_int'.
Computing hashes of 56 cells of `\fp32_to_int'.
Finding duplicate cells in `\fp32_to_int'.
Removed a total of 0 cells.

2.14.13. Executing OPT_DFF pass (perform DFF optimizations).

2.14.14. Executing OPT_CLEAN pass (remove unused cells and wires).
Finding unused cells or wires in module \fp32_to_int..

2.14.15. Executing OPT_EXPR pass (perform const folding).
Optimizing module fp32_to_int.

2.14.16. Finished fast OPT passes. (There is nothing left to do.)

2.15. Executing MEMORY pass.

2.15.1. Executing OPT_MEM pass (optimize memories).
Performed a total of 0 transformations.

2.15.2. Executing OPT_MEM_PRIORITY pass (removing unnecessary memory write priority relations).
Performed a total of 0 transformations.

2.15.3. Executing OPT_MEM_FEEDBACK pass (finding memory read-to-write feedback paths).

2.15.4. Executing MEMORY_BMUX2ROM pass (converting muxes to ROMs).

2.15.5. Executing MEMORY_DFF pass (merging $dff cells to $memrd).

2.15.6. Executing OPT_CLEAN pass (remove unused cells and wires).
Finding unused cells or wires in module \fp32_to_int..

2.15.7. Executing MEMORY_SHARE pass (consolidating $memrd/$memwr cells).

2.15.8. Executing OPT_MEM_WIDEN pass (optimize memories where all ports are wide).
Performed a total of 0 transformations.

2.15.9. Executing OPT_CLEAN pass (remove unused cells and wires).
Finding unused cells or wires in module \fp32_to_int..

2.15.10. Executing MEMORY_COLLECT pass (generating $mem cells).

2.16. Executing OPT_CLEAN pass (remove unused cells and wires).
Finding unused cells or wires in module \fp32_to_int..

2.17. Executing OPT pass (performing simple optimizations).

2.17.1. Executing OPT_EXPR pass (perform const folding).
Optimizing module fp32_to_int.
<suppressed ~10 debug messages>

2.17.2. Executing OPT_MERGE pass (detect identical cells).
Finding identical cells in module `\fp32_to_int'.
Computing hashes of 74 cells of `\fp32_to_int'.
Finding duplicate cells in `\fp32_to_int'.
Removed a total of 0 cells.

2.17.3. Executing OPT_DFF pass (perform DFF optimizations).

2.17.4. Executing OPT_CLEAN pass (remove unused cells and wires).
Finding unused cells or wires in module \fp32_to_int..
Removed 0 unused cells and 15 unused wires.
<suppressed ~1 debug messages>

2.17.5. Finished fast OPT passes.

2.18. Executing MEMORY_MAP pass (converting memories to logic and flip-flops).

2.19. Executing OPT pass (performing simple optimizations).

2.19.1. Executing OPT_EXPR pass (perform const folding).
Optimizing module fp32_to_int.

2.19.2. Executing OPT_MERGE pass (detect identical cells).
Finding identical cells in module `\fp32_to_int'.
Computing hashes of 74 cells of `\fp32_to_int'.
Finding duplicate cells in `\fp32_to_int'.
Removed a total of 0 cells.

2.19.3. Executing OPT_MUXTREE pass (detect dead branches in mux trees).
Running muxtree optimizer on module \fp32_to_int..
  Creating internal representation of mux trees.
  Evaluating internal representation of mux trees.
  Analyzing evaluation results.
Removed 0 multiplexer ports.
<suppressed ~14 debug messages>

2.19.4. Executing OPT_REDUCE pass (consolidate $*mux and $reduce_* inputs).
  Optimizing cells in module \fp32_to_int.
    Consolidated identical input bits for $mux cell $ternary$/Users/lyle/Project/ASIC/asic-fp32-exp/asic/ip/fp32_to_int.v:133$34:
      Old ports: A=16'0111111111111111, B=16'1000000000000000, Y=$ternary$/Users/lyle/Project/ASIC/asic-fp32-exp/asic/ip/fp32_to_int.v:133$34_Y
      New ports: A=2'01, B=2'10, Y={ $ternary$/Users/lyle/Project/ASIC/asic-fp32-exp/asic/ip/fp32_to_int.v:133$34_Y [15] $ternary$/Users/lyle/Project/ASIC/asic-fp32-exp/asic/ip/fp32_to_int.v:133$34_Y [0] }
      New connections: $ternary$/Users/lyle/Project/ASIC/asic-fp32-exp/asic/ip/fp32_to_int.v:133$34_Y [14:1] = { $ternary$/Users/lyle/Project/ASIC/asic-fp32-exp/asic/ip/fp32_to_int.v:133$34_Y [0] $ternary$/Users/lyle/Project/ASIC/asic-fp32-exp/asic/ip/fp32_to_int.v:133$34_Y [0] $ternary$/Users/lyle/Project/ASIC/asic-fp32-exp/asic/ip/fp32_to_int.v:133$34_Y [0] $ternary$/Users/lyle/Project/ASIC/asic-fp32-exp/asic/ip/fp32_to_int.v:133$34_Y [0] $ternary$/Users/lyle/Project/ASIC/asic-fp32-exp/asic/ip/fp32_to_int.v:133$34_Y [0] $ternary$/Users/lyle/Project/ASIC/asic-fp32-exp/asic/ip/fp32_to_int.v:133$34_Y [0] $ternary$/Users/lyle/Project/ASIC/asic-fp32-exp/asic/ip/fp32_to_int.v:133$34_Y [0] $ternary$/Users/lyle/Project/ASIC/asic-fp32-exp/asic/ip/fp32_to_int.v:133$34_Y [0] $ternary$/Users/lyle/Project/ASIC/asic-fp32-exp/asic/ip/fp32_to_int.v:133$34_Y [0] $ternary$/Users/lyle/Project/ASIC/asic-fp32-exp/asic/ip/fp32_to_int.v:133$34_Y [0] $ternary$/Users/lyle/Project/ASIC/asic-fp32-exp/asic/ip/fp32_to_int.v:133$34_Y [0] $ternary$/Users/lyle/Project/ASIC/asic-fp32-exp/asic/ip/fp32_to_int.v:133$34_Y [0] $ternary$/Users/lyle/Project/ASIC/asic-fp32-exp/asic/ip/fp32_to_int.v:133$34_Y [0] $ternary$/Users/lyle/Project/ASIC/asic-fp32-exp/asic/ip/fp32_to_int.v:133$34_Y [0] }
  Optimizing cells in module \fp32_to_int.
Performed a total of 1 changes.

2.19.5. Executing OPT_MERGE pass (detect identical cells).
Finding identical cells in module `\fp32_to_int'.
Computing hashes of 74 cells of `\fp32_to_int'.
Finding duplicate cells in `\fp32_to_int'.
Removed a total of 0 cells.

2.19.6. Executing OPT_SHARE pass.

2.19.7. Executing OPT_DFF pass (perform DFF optimizations).

2.19.8. Executing OPT_CLEAN pass (remove unused cells and wires).
Finding unused cells or wires in module \fp32_to_int..

2.19.9. Executing OPT_EXPR pass (perform const folding).
Optimizing module fp32_to_int.

2.19.10. Rerunning OPT passes. (Maybe there is more to do..)

2.19.11. Executing OPT_MUXTREE pass (detect dead branches in mux trees).
Running muxtree optimizer on module \fp32_to_int..
  Creating internal representation of mux trees.
  Evaluating internal representation of mux trees.
  Analyzing evaluation results.
Removed 0 multiplexer ports.
<suppressed ~14 debug messages>

2.19.12. Executing OPT_REDUCE pass (consolidate $*mux and $reduce_* inputs).
  Optimizing cells in module \fp32_to_int.
Performed a total of 0 changes.

2.19.13. Executing OPT_MERGE pass (detect identical cells).
Finding identical cells in module `\fp32_to_int'.
Computing hashes of 74 cells of `\fp32_to_int'.
Finding duplicate cells in `\fp32_to_int'.
Removed a total of 0 cells.

2.19.14. Executing OPT_SHARE pass.

2.19.15. Executing OPT_DFF pass (perform DFF optimizations).

2.19.16. Executing OPT_CLEAN pass (remove unused cells and wires).
Finding unused cells or wires in module \fp32_to_int..

2.19.17. Executing OPT_EXPR pass (perform const folding).
Optimizing module fp32_to_int.

2.19.18. Finished fast OPT passes. (There is nothing left to do.)

2.20. Executing TECHMAP pass (map to technology primitives).

2.20.1. Executing Verilog-2005 frontend: /opt/homebrew/bin/../share/yosys/techmap.v
Parsing Verilog input from `/opt/homebrew/bin/../share/yosys/techmap.v' to AST representation.
Generating RTLIL representation for module `\_90_simplemap_bool_ops'.
Generating RTLIL representation for module `\_90_simplemap_reduce_ops'.
Generating RTLIL representation for module `\_90_simplemap_logic_ops'.
Generating RTLIL representation for module `\_90_simplemap_compare_ops'.
Generating RTLIL representation for module `\_90_simplemap_various'.
Generating RTLIL representation for module `\_90_simplemap_registers'.
Generating RTLIL representation for module `\_90_shift_ops_shr_shl_sshl_sshr'.
Generating RTLIL representation for module `\_90_shift_shiftx'.
Generating RTLIL representation for module `\_90_fa'.
Generating RTLIL representation for module `\_90_lcu_brent_kung'.
Generating RTLIL representation for module `\_90_alu'.
Generating RTLIL representation for module `\_90_macc'.
Generating RTLIL representation for module `\_90_alumacc'.
Generating RTLIL representation for module `$__div_mod_u'.
Generating RTLIL representation for module `$__div_mod_trunc'.
Generating RTLIL representation for module `\_90_div'.
Generating RTLIL representation for module `\_90_mod'.
Generating RTLIL representation for module `$__div_mod_floor'.
Generating RTLIL representation for module `\_90_divfloor'.
Generating RTLIL representation for module `\_90_modfloor'.
Generating RTLIL representation for module `\_90_pow'.
Generating RTLIL representation for module `\_90_pmux'.
Generating RTLIL representation for module `\_90_demux'.
Generating RTLIL representation for module `\_90_lut'.
Generating RTLIL representation for module `$connect'.
Generating RTLIL representation for module `$input_port'.
Successfully finished Verilog frontend.

2.20.2. Continuing TECHMAP pass.
Using extmapper simplemap for cells of type $not.
Using template $paramod$7d345e38ed17d1b9b7ad574498fe053cc5e778a7\_90_alu for cells of type $alu.
Using template $paramod$7e708ae28ab761f11d0fb59d3ffc72f6a4baf5d9\_90_alu for cells of type $alu.
Using template $paramod$b18e16801adf491a64caa0542270798e5d4ac6b6\_90_alu for cells of type $alu.
Using template $paramod$constmap:aaa96003eb18e080a63db717e6ce6523339f5517$paramod$0a529641a0b66e53c8ae847f73ad5404f95cb497\_90_shift_ops_shr_shl_sshl_sshr for cells of type $shr.
Using template $paramod$f30f8fc2e30bd83d28cb1ad43b9d9ec083109075\_90_alu for cells of type $alu.
Using template $paramod$0df7f081fdaf4e35b07523337ac450c49c5c153b\_90_alu for cells of type $alu.
Using template $paramod$02488ff6fa51b28bbfa470bdd9b0e548b3357746\_90_alu for cells of type $alu.
Using extmapper simplemap for cells of type $or.
Using extmapper simplemap for cells of type $reduce_and.
Using template $paramod$ba698a254f9a5947e85cbe7beae6b161eefc5386\_90_alu for cells of type $alu.
Using template $paramod$751484402ddd6f168bc8a4e58d6083d2020da63a\_90_alu for cells of type $alu.
Using extmapper simplemap for cells of type $reduce_or.
Using template $paramod$8f00ca5ffae7aacb4fd127c662dabcdb3ad72531\_90_alu for cells of type $alu.
Using template $paramod$3fe4bdf8d597404bdd222c1fea42f692fdc77de4\_90_alu for cells of type $alu.
Using extmapper simplemap for cells of type $reduce_bool.
Using extmapper simplemap for cells of type $logic_and.
Using extmapper simplemap for cells of type $eq.
Using extmapper simplemap for cells of type $logic_not.
Using extmapper simplemap for cells of type $logic_or.
Using template $paramod$constmap:9cc133cbf1d3e86c62ce74a0e16d2a472c93d874$paramod$baa86c99689aa906d63eea8fa5f76ad95a37e9da\_90_shift_ops_shr_shl_sshl_sshr for cells of type $shl.
Using extmapper simplemap for cells of type $and.
Using extmapper simplemap for cells of type $xor.
Using template $paramod\_90_fa\WIDTH=32'00000000000000000000000000001001 for cells of type $fa.
Using template $paramod\_90_lcu_brent_kung\WIDTH=32'00000000000000000000000000001001 for cells of type $lcu.
Using extmapper simplemap for cells of type $pos.
Using template $paramod\_90_fa\WIDTH=32'00000000000000000000000000000010 for cells of type $fa.
Using template $paramod\_90_lcu_brent_kung\WIDTH=32'00000000000000000000000000000010 for cells of type $lcu.
Using template $paramod\_90_fa\WIDTH=32'00000000000000000000000000000101 for cells of type $fa.
Using template $paramod\_90_lcu_brent_kung\WIDTH=32'00000000000000000000000000000101 for cells of type $lcu.
Using template $paramod\_90_fa\WIDTH=32'00000000000000000000000000010001 for cells of type $fa.
Using template $paramod\_90_lcu_brent_kung\WIDTH=32'00000000000000000000000000010001 for cells of type $lcu.
Using template $paramod\_90_fa\WIDTH=32'00000000000000000000000000010000 for cells of type $fa.
Using template $paramod\_90_lcu_brent_kung\WIDTH=32'00000000000000000000000000010000 for cells of type $lcu.
No more expansions possible.
<suppressed ~2108 debug messages>

2.21. Executing OPT pass (performing simple optimizations).

2.21.1. Executing OPT_EXPR pass (perform const folding).
Optimizing module fp32_to_int.
<suppressed ~1078 debug messages>

2.21.2. Executing OPT_MERGE pass (detect identical cells).
Finding identical cells in module `\fp32_to_int'.
Computing hashes of 888 cells of `\fp32_to_int'.
Finding duplicate cells in `\fp32_to_int'.
Computing hashes of 802 cells of `\fp32_to_int'.
Finding duplicate cells in `\fp32_to_int'.
Computing hashes of 771 cells of `\fp32_to_int'.
Finding duplicate cells in `\fp32_to_int'.
Computing hashes of 759 cells of `\fp32_to_int'.
Finding duplicate cells in `\fp32_to_int'.
Computing hashes of 755 cells of `\fp32_to_int'.
Finding duplicate cells in `\fp32_to_int'.
Computing hashes of 754 cells of `\fp32_to_int'.
Finding duplicate cells in `\fp32_to_int'.
<suppressed ~402 debug messages>
Removed a total of 134 cells.

2.21.3. Executing OPT_DFF pass (perform DFF optimizations).

2.21.4. Executing OPT_CLEAN pass (remove unused cells and wires).
Finding unused cells or wires in module \fp32_to_int..
Removed 82 unused cells and 741 unused wires.
<suppressed ~84 debug messages>

2.21.5. Finished fast OPT passes.

2.22. Executing ABC pass (technology mapping using ABC).

2.22.1. Extracting gate netlist of module `\fp32_to_int' to `<abc-temp-dir>/input.blif'..

2.22.1.1. Executed ABC.
Extracted 672 gates and 706 wires to a netlist network with 32 inputs and 16 outputs.
Running ABC script: <abc-temp-dir>/abc.script
ABC: ======== ABC command line "source <abc-temp-dir>/abc.script"
ABC: + read_blif <abc-temp-dir>/input.blif 
ABC: + read_library <abc-temp-dir>/stdcells.genlib 
ABC: + strash 
ABC: + &get -n 
ABC: + &fraig -x 
ABC: + &put 
ABC: + scorr 
ABC: Warning: The network is combinational (run "fraig" or "fraig_sweep").
ABC: + dc2 
ABC: + dretime 
ABC: + strash 
ABC: + &get -n 
ABC: + &dch -f 
ABC: + &nf 
ABC: + &put 
ABC: + write_blif <abc-temp-dir>/output.blif 

2.22.1.2. Re-integrating ABC results.
ABC RESULTS:               AND cells:      123
ABC RESULTS:            ANDNOT cells:       29
ABC RESULTS:               MUX cells:      115
ABC RESULTS:              NAND cells:       86
ABC RESULTS:               NOR cells:       23
ABC RESULTS:               NOT cells:        3
ABC RESULTS:                OR cells:       51
ABC RESULTS:             ORNOT cells:       14
ABC RESULTS:              XNOR cells:       18
ABC RESULTS:               XOR cells:       13
ABC RESULTS:        internal signals:      658
ABC RESULTS:           input signals:       32
ABC RESULTS:          output signals:       16
Removing temp directory.
Removing global temp directory.

2.23. Executing OPT pass (performing simple optimizations).

2.23.1. Executing OPT_EXPR pass (perform const folding).
Optimizing module fp32_to_int.

2.23.2. Executing OPT_MERGE pass (detect identical cells).
Finding identical cells in module `\fp32_to_int'.
Computing hashes of 475 cells of `\fp32_to_int'.
Finding duplicate cells in `\fp32_to_int'.
Removed a total of 0 cells.

2.23.3. Executing OPT_DFF pass (perform DFF optimizations).

2.23.4. Executing OPT_CLEAN pass (remove unused cells and wires).
Finding unused cells or wires in module \fp32_to_int..
Removed 0 unused cells and 195 unused wires.
<suppressed ~16 debug messages>

2.23.5. Finished fast OPT passes.

2.24. Executing HIERARCHY pass (managing design hierarchy).
Attribute `top' found on module `fp32_to_int'. Setting top module to fp32_to_int.

2.24.1. Analyzing design hierarchy..
Top module:  \fp32_to_int

2.24.2. Analyzing design hierarchy..
Top module:  \fp32_to_int
Removed 0 unused modules.

2.25. Printing statistics.

=== fp32_to_int ===

        +----------Local Count, excluding submodules.
        | 
      467 wires
      603 wire bits
        8 public wires
      144 public wire bits
        2 ports
       48 port bits
      475 cells
       29   $_ANDNOT_
      123   $_AND_
      115   $_MUX_
       86   $_NAND_
       23   $_NOR_
        3   $_NOT_
       14   $_ORNOT_
       51   $_OR_
       18   $_XNOR_
       13   $_XOR_

2.26. Executing CHECK pass (checking for obvious problems).
Checking module fp32_to_int...
Found and reported 0 problems.

3. Executing JSON backend.

End of script. Logfile hash: d3130f1220, time: 0.26s, user: 0.11s, system: 0.01s, MEM: 29.06 MB peak
Yosys 0.64 (git sha1 d8dab5b32666564eca8e18f412973853ce006e61, clang++ 21.0.0 -fPIC -O3)
Time spent: 57% 1x abc (0 sec), 11% 1x techmap (0 sec), ...
