
 /----------------------------------------------------------------------------\
 |  yosys -- Yosys Open SYnthesis Suite                                       |
 |  Copyright (C) 2012 - 2026  Claire Xenia Wolf <claire@yosyshq.com>         |
 |  Distributed under an ISC-like license, type "license" to see terms        |
 \----------------------------------------------------------------------------/
 Yosys 0.64 (git sha1 d8dab5b32666564eca8e18f412973853ce006e61, clang++ 21.0.0 -fPIC -O3)

-- Running command `read_verilog /Users/lyle/Project/ASIC/asic-fp32-exp/asic/ip/int_to_fp32.v;              synth -top int_to_fp32;              write_json /Users/lyle/Project/ASIC/asic-fp32-exp/asic/ip/int_to_fp32.json' --

1. Executing Verilog-2005 frontend: /Users/lyle/Project/ASIC/asic-fp32-exp/asic/ip/int_to_fp32.v
Parsing Verilog input from `/Users/lyle/Project/ASIC/asic-fp32-exp/asic/ip/int_to_fp32.v' to AST representation.
Generating RTLIL representation for module `\int_to_fp32'.
Successfully finished Verilog frontend.

2. Executing SYNTH pass.

2.1. Executing HIERARCHY pass (managing design hierarchy).

2.1.1. Analyzing design hierarchy..
Top module:  \int_to_fp32

2.1.2. Analyzing design hierarchy..
Top module:  \int_to_fp32
Removed 0 unused modules.

2.2. Executing PROC pass (convert processes to netlists).

2.2.1. Executing PROC_CLEAN pass (remove empty switches from decision trees).
Cleaned up 0 empty switches.

2.2.2. Executing PROC_RMDEAD pass (remove dead branches from decision trees).
Marked 1 switch rules as full_case in process $proc$/Users/lyle/Project/ASIC/asic-fp32-exp/asic/ip/int_to_fp32.v:40$4 in module int_to_fp32.
Removed a total of 0 dead cases.

2.2.3. Executing PROC_PRUNE pass (remove redundant assignments in processes).
Removed 0 redundant assignments.
Promoted 1 assignment to connection.

2.2.4. Executing PROC_INIT pass (extract init attributes).

2.2.5. Executing PROC_ARST pass (detect async resets in processes).

2.2.6. Executing PROC_ROM pass (convert switches to ROMs).
Converted 0 switches.
<suppressed ~1 debug messages>

2.2.7. Executing PROC_MUX pass (convert decision trees to multiplexers).
Creating decoders for process `\int_to_fp32.$proc$/Users/lyle/Project/ASIC/asic-fp32-exp/asic/ip/int_to_fp32.v:40$4'.
     1/1: $1\lzc[3:0]

2.2.8. Executing PROC_DLATCH pass (convert process syncs to latches).
No latch inferred for signal `\int_to_fp32.\lzc' from process `\int_to_fp32.$proc$/Users/lyle/Project/ASIC/asic-fp32-exp/asic/ip/int_to_fp32.v:40$4'.

2.2.9. Executing PROC_DFF pass (convert process syncs to FFs).

2.2.10. Executing PROC_MEMWR pass (convert process memory writes to cells).

2.2.11. Executing PROC_CLEAN pass (remove empty switches from decision trees).
Found and cleaned up 1 empty switch in `\int_to_fp32.$proc$/Users/lyle/Project/ASIC/asic-fp32-exp/asic/ip/int_to_fp32.v:40$4'.
Removing empty process `int_to_fp32.$proc$/Users/lyle/Project/ASIC/asic-fp32-exp/asic/ip/int_to_fp32.v:40$4'.
Cleaned up 1 empty switch.

2.2.12. Executing OPT_EXPR pass (perform const folding).
Optimizing module int_to_fp32.
<suppressed ~1 debug messages>

2.3. Executing OPT_EXPR pass (perform const folding).
Optimizing module int_to_fp32.

2.4. Executing OPT_CLEAN pass (remove unused cells and wires).
Finding unused cells or wires in module \int_to_fp32..
Removed 0 unused cells and 8 unused wires.
<suppressed ~1 debug messages>

2.5. Executing CHECK pass (checking for obvious problems).
Checking module int_to_fp32...
Found and reported 0 problems.

2.6. Executing OPT pass (performing simple optimizations).

2.6.1. Executing OPT_EXPR pass (perform const folding).
Optimizing module int_to_fp32.

2.6.2. Executing OPT_MERGE pass (detect identical cells).
Finding identical cells in module `\int_to_fp32'.
Computing hashes of 22 cells of `\int_to_fp32'.
Finding duplicate cells in `\int_to_fp32'.
Removed a total of 0 cells.

2.6.3. Executing OPT_MUXTREE pass (detect dead branches in mux trees).
Running muxtree optimizer on module \int_to_fp32..
  Creating internal representation of mux trees.
  Evaluating internal representation of mux trees.
      Replacing known input bits on port A of cell $ternary$/Users/lyle/Project/ASIC/asic-fp32-exp/asic/ip/int_to_fp32.v:31$3: \a -> { 1'0 \a [14:0] }
  Analyzing evaluation results.
Removed 0 multiplexer ports.
<suppressed ~6 debug messages>

2.6.4. Executing OPT_REDUCE pass (consolidate $*mux and $reduce_* inputs).
  Optimizing cells in module \int_to_fp32.
Performed a total of 0 changes.

2.6.5. Executing OPT_MERGE pass (detect identical cells).
Finding identical cells in module `\int_to_fp32'.
Computing hashes of 22 cells of `\int_to_fp32'.
Finding duplicate cells in `\int_to_fp32'.
Removed a total of 0 cells.

2.6.6. Executing OPT_DFF pass (perform DFF optimizations).

2.6.7. Executing OPT_CLEAN pass (remove unused cells and wires).
Finding unused cells or wires in module \int_to_fp32..

2.6.8. Executing OPT_EXPR pass (perform const folding).
Optimizing module int_to_fp32.

2.6.9. Finished fast OPT passes. (There is nothing left to do.)

2.7. Executing FSM pass (extract and optimize FSM).

2.7.1. Executing FSM_DETECT pass (finding FSMs in design).

2.7.2. Executing FSM_EXTRACT pass (extracting FSM from design).

2.7.3. Executing FSM_OPT pass (simple optimizations of FSMs).

2.7.4. Executing OPT_CLEAN pass (remove unused cells and wires).
Finding unused cells or wires in module \int_to_fp32..

2.7.5. Executing FSM_OPT pass (simple optimizations of FSMs).

2.7.6. Executing FSM_RECODE pass (re-assigning FSM state encoding).

2.7.7. Executing FSM_INFO pass (dumping all available information on FSM cells).

2.7.8. Executing FSM_MAP pass (mapping FSMs to basic logic).

2.8. Executing OPT pass (performing simple optimizations).

2.8.1. Executing OPT_EXPR pass (perform const folding).
Optimizing module int_to_fp32.

2.8.2. Executing OPT_MERGE pass (detect identical cells).
Finding identical cells in module `\int_to_fp32'.
Computing hashes of 22 cells of `\int_to_fp32'.
Finding duplicate cells in `\int_to_fp32'.
Removed a total of 0 cells.

2.8.3. Executing OPT_MUXTREE pass (detect dead branches in mux trees).
Running muxtree optimizer on module \int_to_fp32..
  Creating internal representation of mux trees.
  Evaluating internal representation of mux trees.
  Analyzing evaluation results.
Removed 0 multiplexer ports.
<suppressed ~6 debug messages>

2.8.4. Executing OPT_REDUCE pass (consolidate $*mux and $reduce_* inputs).
  Optimizing cells in module \int_to_fp32.
Performed a total of 0 changes.

2.8.5. Executing OPT_MERGE pass (detect identical cells).
Finding identical cells in module `\int_to_fp32'.
Computing hashes of 22 cells of `\int_to_fp32'.
Finding duplicate cells in `\int_to_fp32'.
Removed a total of 0 cells.

2.8.6. Executing OPT_DFF pass (perform DFF optimizations).

2.8.7. Executing OPT_CLEAN pass (remove unused cells and wires).
Finding unused cells or wires in module \int_to_fp32..

2.8.8. Executing OPT_EXPR pass (perform const folding).
Optimizing module int_to_fp32.

2.8.9. Finished fast OPT passes. (There is nothing left to do.)

2.9. Executing WREDUCE pass (reducing word size of cells).
Removed top 1 bits (of 16) from port Y of cell int_to_fp32.$shl$/Users/lyle/Project/ASIC/asic-fp32-exp/asic/ip/int_to_fp32.v:68$5 ($shl).
Removed top 4 bits (of 8) from port B of cell int_to_fp32.$sub$/Users/lyle/Project/ASIC/asic-fp32-exp/asic/ip/int_to_fp32.v:74$6 ($sub).
Removed top 14 bits (of 15) from port B of cell int_to_fp32.$procmux$12_CMP0 ($eq).
Removed top 13 bits (of 14) from port B of cell int_to_fp32.$procmux$13_CMP0 ($eq).
Removed top 12 bits (of 13) from port B of cell int_to_fp32.$procmux$14_CMP0 ($eq).
Removed top 11 bits (of 12) from port B of cell int_to_fp32.$procmux$15_CMP0 ($eq).
Removed top 10 bits (of 11) from port B of cell int_to_fp32.$procmux$16_CMP0 ($eq).
Removed top 9 bits (of 10) from port B of cell int_to_fp32.$procmux$17_CMP0 ($eq).
Removed top 8 bits (of 9) from port B of cell int_to_fp32.$procmux$18_CMP0 ($eq).
Removed top 7 bits (of 8) from port B of cell int_to_fp32.$procmux$19_CMP0 ($eq).
Removed top 6 bits (of 7) from port B of cell int_to_fp32.$procmux$20_CMP0 ($eq).
Removed top 5 bits (of 6) from port B of cell int_to_fp32.$procmux$21_CMP0 ($eq).
Removed top 4 bits (of 5) from port B of cell int_to_fp32.$procmux$22_CMP0 ($eq).
Removed top 3 bits (of 4) from port B of cell int_to_fp32.$procmux$23_CMP0 ($eq).
Removed top 2 bits (of 3) from port B of cell int_to_fp32.$procmux$24_CMP0 ($eq).
Removed top 1 bits (of 2) from port B of cell int_to_fp32.$procmux$25_CMP0 ($eq).
Removed top 1 bits (of 16) from wire int_to_fp32.mant_shifted.

2.10. Executing PEEPOPT pass (run peephole optimizers).

2.11. Executing OPT_CLEAN pass (remove unused cells and wires).
Finding unused cells or wires in module \int_to_fp32..
Removed 0 unused cells and 1 unused wires.
<suppressed ~1 debug messages>

2.12. Executing ALUMACC pass (create $alu and $macc cells).
Extracting $alu and $macc cells in module int_to_fp32:
  creating $macc model for $sub$/Users/lyle/Project/ASIC/asic-fp32-exp/asic/ip/int_to_fp32.v:74$6 ($sub).
  creating $macc model for $add$/Users/lyle/Project/ASIC/asic-fp32-exp/asic/ip/int_to_fp32.v:31$2 ($add).
  creating $alu model for $macc $add$/Users/lyle/Project/ASIC/asic-fp32-exp/asic/ip/int_to_fp32.v:31$2.
  creating $alu model for $macc $sub$/Users/lyle/Project/ASIC/asic-fp32-exp/asic/ip/int_to_fp32.v:74$6.
  creating $alu cell for $sub$/Users/lyle/Project/ASIC/asic-fp32-exp/asic/ip/int_to_fp32.v:74$6: $auto$alumacc.cc:512:replace_alu$28
  creating $alu cell for $add$/Users/lyle/Project/ASIC/asic-fp32-exp/asic/ip/int_to_fp32.v:31$2: $auto$alumacc.cc:512:replace_alu$31
  created 2 $alu and 0 $macc cells.

2.13. Executing SHARE pass (SAT-based resource sharing).

2.14. Executing OPT pass (performing simple optimizations).

2.14.1. Executing OPT_EXPR pass (perform const folding).
Optimizing module int_to_fp32.

2.14.2. Executing OPT_MERGE pass (detect identical cells).
Finding identical cells in module `\int_to_fp32'.
Computing hashes of 22 cells of `\int_to_fp32'.
Finding duplicate cells in `\int_to_fp32'.
Removed a total of 0 cells.

2.14.3. Executing OPT_MUXTREE pass (detect dead branches in mux trees).
Running muxtree optimizer on module \int_to_fp32..
  Creating internal representation of mux trees.
  Evaluating internal representation of mux trees.
  Analyzing evaluation results.
Removed 0 multiplexer ports.
<suppressed ~6 debug messages>

2.14.4. Executing OPT_REDUCE pass (consolidate $*mux and $reduce_* inputs).
  Optimizing cells in module \int_to_fp32.
Performed a total of 0 changes.

2.14.5. Executing OPT_MERGE pass (detect identical cells).
Finding identical cells in module `\int_to_fp32'.
Computing hashes of 22 cells of `\int_to_fp32'.
Finding duplicate cells in `\int_to_fp32'.
Removed a total of 0 cells.

2.14.6. Executing OPT_DFF pass (perform DFF optimizations).

2.14.7. Executing OPT_CLEAN pass (remove unused cells and wires).
Finding unused cells or wires in module \int_to_fp32..

2.14.8. Executing OPT_EXPR pass (perform const folding).
Optimizing module int_to_fp32.

2.14.9. Finished fast OPT passes. (There is nothing left to do.)

2.15. Executing MEMORY pass.

2.15.1. Executing OPT_MEM pass (optimize memories).
Performed a total of 0 transformations.

2.15.2. Executing OPT_MEM_PRIORITY pass (removing unnecessary memory write priority relations).
Performed a total of 0 transformations.

2.15.3. Executing OPT_MEM_FEEDBACK pass (finding memory read-to-write feedback paths).

2.15.4. Executing MEMORY_BMUX2ROM pass (converting muxes to ROMs).

2.15.5. Executing MEMORY_DFF pass (merging $dff cells to $memrd).

2.15.6. Executing OPT_CLEAN pass (remove unused cells and wires).
Finding unused cells or wires in module \int_to_fp32..

2.15.7. Executing MEMORY_SHARE pass (consolidating $memrd/$memwr cells).

2.15.8. Executing OPT_MEM_WIDEN pass (optimize memories where all ports are wide).
Performed a total of 0 transformations.

2.15.9. Executing OPT_CLEAN pass (remove unused cells and wires).
Finding unused cells or wires in module \int_to_fp32..

2.15.10. Executing MEMORY_COLLECT pass (generating $mem cells).

2.16. Executing OPT_CLEAN pass (remove unused cells and wires).
Finding unused cells or wires in module \int_to_fp32..

2.17. Executing OPT pass (performing simple optimizations).

2.17.1. Executing OPT_EXPR pass (perform const folding).
Optimizing module int_to_fp32.

2.17.2. Executing OPT_MERGE pass (detect identical cells).
Finding identical cells in module `\int_to_fp32'.
Computing hashes of 22 cells of `\int_to_fp32'.
Finding duplicate cells in `\int_to_fp32'.
Removed a total of 0 cells.

2.17.3. Executing OPT_DFF pass (perform DFF optimizations).

2.17.4. Executing OPT_CLEAN pass (remove unused cells and wires).
Finding unused cells or wires in module \int_to_fp32..

2.17.5. Finished fast OPT passes.

2.18. Executing MEMORY_MAP pass (converting memories to logic and flip-flops).

2.19. Executing OPT pass (performing simple optimizations).

2.19.1. Executing OPT_EXPR pass (perform const folding).
Optimizing module int_to_fp32.

2.19.2. Executing OPT_MERGE pass (detect identical cells).
Finding identical cells in module `\int_to_fp32'.
Computing hashes of 22 cells of `\int_to_fp32'.
Finding duplicate cells in `\int_to_fp32'.
Removed a total of 0 cells.

2.19.3. Executing OPT_MUXTREE pass (detect dead branches in mux trees).
Running muxtree optimizer on module \int_to_fp32..
  Creating internal representation of mux trees.
  Evaluating internal representation of mux trees.
  Analyzing evaluation results.
Removed 0 multiplexer ports.
<suppressed ~6 debug messages>

2.19.4. Executing OPT_REDUCE pass (consolidate $*mux and $reduce_* inputs).
  Optimizing cells in module \int_to_fp32.
    Consolidated identical input bits for $mux cell $ternary$/Users/lyle/Project/ASIC/asic-fp32-exp/asic/ip/int_to_fp32.v:79$8:
      Old ports: A={ \a [15] \exponent \mant_shifted 8'00000000 }, B=0, Y=\y
      New ports: A={ \a [15] \exponent \mant_shifted }, B=24'000000000000000000000000, Y=\y [31:8]
      New connections: \y [7:0] = 8'00000000
  Optimizing cells in module \int_to_fp32.
Performed a total of 1 changes.

2.19.5. Executing OPT_MERGE pass (detect identical cells).
Finding identical cells in module `\int_to_fp32'.
Computing hashes of 22 cells of `\int_to_fp32'.
Finding duplicate cells in `\int_to_fp32'.
Removed a total of 0 cells.

2.19.6. Executing OPT_SHARE pass.

2.19.7. Executing OPT_DFF pass (perform DFF optimizations).

2.19.8. Executing OPT_CLEAN pass (remove unused cells and wires).
Finding unused cells or wires in module \int_to_fp32..

2.19.9. Executing OPT_EXPR pass (perform const folding).
Optimizing module int_to_fp32.

2.19.10. Rerunning OPT passes. (Maybe there is more to do..)

2.19.11. Executing OPT_MUXTREE pass (detect dead branches in mux trees).
Running muxtree optimizer on module \int_to_fp32..
  Creating internal representation of mux trees.
  Evaluating internal representation of mux trees.
  Analyzing evaluation results.
Removed 0 multiplexer ports.
<suppressed ~6 debug messages>

2.19.12. Executing OPT_REDUCE pass (consolidate $*mux and $reduce_* inputs).
  Optimizing cells in module \int_to_fp32.
Performed a total of 0 changes.

2.19.13. Executing OPT_MERGE pass (detect identical cells).
Finding identical cells in module `\int_to_fp32'.
Computing hashes of 22 cells of `\int_to_fp32'.
Finding duplicate cells in `\int_to_fp32'.
Removed a total of 0 cells.

2.19.14. Executing OPT_SHARE pass.

2.19.15. Executing OPT_DFF pass (perform DFF optimizations).

2.19.16. Executing OPT_CLEAN pass (remove unused cells and wires).
Finding unused cells or wires in module \int_to_fp32..

2.19.17. Executing OPT_EXPR pass (perform const folding).
Optimizing module int_to_fp32.

2.19.18. Finished fast OPT passes. (There is nothing left to do.)

2.20. Executing TECHMAP pass (map to technology primitives).

2.20.1. Executing Verilog-2005 frontend: /opt/homebrew/bin/../share/yosys/techmap.v
Parsing Verilog input from `/opt/homebrew/bin/../share/yosys/techmap.v' to AST representation.
Generating RTLIL representation for module `\_90_simplemap_bool_ops'.
Generating RTLIL representation for module `\_90_simplemap_reduce_ops'.
Generating RTLIL representation for module `\_90_simplemap_logic_ops'.
Generating RTLIL representation for module `\_90_simplemap_compare_ops'.
Generating RTLIL representation for module `\_90_simplemap_various'.
Generating RTLIL representation for module `\_90_simplemap_registers'.
Generating RTLIL representation for module `\_90_shift_ops_shr_shl_sshl_sshr'.
Generating RTLIL representation for module `\_90_shift_shiftx'.
Generating RTLIL representation for module `\_90_fa'.
Generating RTLIL representation for module `\_90_lcu_brent_kung'.
Generating RTLIL representation for module `\_90_alu'.
Generating RTLIL representation for module `\_90_macc'.
Generating RTLIL representation for module `\_90_alumacc'.
Generating RTLIL representation for module `$__div_mod_u'.
Generating RTLIL representation for module `$__div_mod_trunc'.
Generating RTLIL representation for module `\_90_div'.
Generating RTLIL representation for module `\_90_mod'.
Generating RTLIL representation for module `$__div_mod_floor'.
Generating RTLIL representation for module `\_90_divfloor'.
Generating RTLIL representation for module `\_90_modfloor'.
Generating RTLIL representation for module `\_90_pow'.
Generating RTLIL representation for module `\_90_pmux'.
Generating RTLIL representation for module `\_90_demux'.
Generating RTLIL representation for module `\_90_lut'.
Generating RTLIL representation for module `$connect'.
Generating RTLIL representation for module `$input_port'.
Successfully finished Verilog frontend.

2.20.2. Continuing TECHMAP pass.
Using template $paramod$2af30114e9bd4ccb04dad757b3f0a8f6bf0615b0\_90_alu for cells of type $alu.
Using template $paramod$5d37c9676d77ab033e85de89a3261885cba80ce3\_90_pmux for cells of type $pmux.
Using template $paramod$50421b562f8eb1318d93ca56f0d931d9bef85d75\_90_alu for cells of type $alu.
Using extmapper simplemap for cells of type $not.
Using extmapper simplemap for cells of type $mux.
Using template $paramod$constmap:e5432ef71e4a0e5601b2ee3df91f9f8fde20d08f$paramod$0ce59810e1ea478327c110ffca34b74a1c66f29a\_90_shift_ops_shr_shl_sshl_sshr for cells of type $shl.
Using extmapper simplemap for cells of type $logic_not.
Using extmapper simplemap for cells of type $eq.
Using extmapper simplemap for cells of type $xor.
Using template $paramod\_90_fa\WIDTH=32'00000000000000000000000000010000 for cells of type $fa.
Using template $paramod\_90_lcu_brent_kung\WIDTH=32'00000000000000000000000000010000 for cells of type $lcu.
Using extmapper simplemap for cells of type $pos.
Using extmapper simplemap for cells of type $reduce_or.
Using extmapper simplemap for cells of type $and.
Using template $paramod\_90_fa\WIDTH=32'00000000000000000000000000001000 for cells of type $fa.
Using template $paramod\_90_lcu_brent_kung\WIDTH=32'00000000000000000000000000001000 for cells of type $lcu.
Using extmapper simplemap for cells of type $or.
No more expansions possible.
<suppressed ~737 debug messages>

2.21. Executing OPT pass (performing simple optimizations).

2.21.1. Executing OPT_EXPR pass (perform const folding).
Optimizing module int_to_fp32.
<suppressed ~474 debug messages>

2.21.2. Executing OPT_MERGE pass (detect identical cells).
Finding identical cells in module `\int_to_fp32'.
Computing hashes of 366 cells of `\int_to_fp32'.
Finding duplicate cells in `\int_to_fp32'.
Computing hashes of 329 cells of `\int_to_fp32'.
Finding duplicate cells in `\int_to_fp32'.
Computing hashes of 320 cells of `\int_to_fp32'.
Finding duplicate cells in `\int_to_fp32'.
<suppressed ~138 debug messages>
Removed a total of 46 cells.

2.21.3. Executing OPT_DFF pass (perform DFF optimizations).

2.21.4. Executing OPT_CLEAN pass (remove unused cells and wires).
Finding unused cells or wires in module \int_to_fp32..
Removed 5 unused cells and 229 unused wires.
<suppressed ~6 debug messages>

2.21.5. Finished fast OPT passes.

2.22. Executing ABC pass (technology mapping using ABC).

2.22.1. Extracting gate netlist of module `\int_to_fp32' to `<abc-temp-dir>/input.blif'..

2.22.1.1. Executed ABC.
Extracted 315 gates and 333 wires to a netlist network with 16 inputs and 22 outputs.
Running ABC script: <abc-temp-dir>/abc.script
ABC: ======== ABC command line "source <abc-temp-dir>/abc.script"
ABC: + read_blif <abc-temp-dir>/input.blif 
ABC: + read_library <abc-temp-dir>/stdcells.genlib 
ABC: + strash 
ABC: + &get -n 
ABC: + &fraig -x 
ABC: + &put 
ABC: + scorr 
ABC: Warning: The network is combinational (run "fraig" or "fraig_sweep").
ABC: + dc2 
ABC: + dretime 
ABC: + strash 
ABC: + &get -n 
ABC: + &dch -f 
ABC: + &nf 
ABC: + &put 
ABC: + write_blif <abc-temp-dir>/output.blif 

2.22.1.2. Re-integrating ABC results.
ABC RESULTS:               AND cells:       61
ABC RESULTS:            ANDNOT cells:       16
ABC RESULTS:               BUF cells:        1
ABC RESULTS:               MUX cells:       32
ABC RESULTS:              NAND cells:       36
ABC RESULTS:               NOR cells:        2
ABC RESULTS:               NOT cells:        6
ABC RESULTS:                OR cells:       29
ABC RESULTS:             ORNOT cells:        8
ABC RESULTS:              XNOR cells:       12
ABC RESULTS:               XOR cells:        2
ABC RESULTS:              ZERO cells:        1
ABC RESULTS:        internal signals:      295
ABC RESULTS:           input signals:       16
ABC RESULTS:          output signals:       22
Removing temp directory.
Removing global temp directory.

2.23. Executing OPT pass (performing simple optimizations).

2.23.1. Executing OPT_EXPR pass (perform const folding).
Optimizing module int_to_fp32.

2.23.2. Executing OPT_MERGE pass (detect identical cells).
Finding identical cells in module `\int_to_fp32'.
Computing hashes of 204 cells of `\int_to_fp32'.
Finding duplicate cells in `\int_to_fp32'.
Removed a total of 0 cells.

2.23.3. Executing OPT_DFF pass (perform DFF optimizations).

2.23.4. Executing OPT_CLEAN pass (remove unused cells and wires).
Finding unused cells or wires in module \int_to_fp32..
Removed 0 unused cells and 139 unused wires.
<suppressed ~2 debug messages>

2.23.5. Finished fast OPT passes.

2.24. Executing HIERARCHY pass (managing design hierarchy).
Attribute `top' found on module `int_to_fp32'. Setting top module to int_to_fp32.

2.24.1. Analyzing design hierarchy..
Top module:  \int_to_fp32

2.24.2. Analyzing design hierarchy..
Top module:  \int_to_fp32
Removed 0 unused modules.

2.25. Printing statistics.

=== int_to_fp32 ===

        +----------Local Count, excluding submodules.
        | 
      191 wires
      284 wire bits
        7 public wires
      100 public wire bits
        2 ports
       48 port bits
      204 cells
       16   $_ANDNOT_
       61   $_AND_
       32   $_MUX_
       36   $_NAND_
        2   $_NOR_
        6   $_NOT_
        8   $_ORNOT_
       29   $_OR_
       12   $_XNOR_
        2   $_XOR_

2.26. Executing CHECK pass (checking for obvious problems).
Checking module int_to_fp32...
Found and reported 0 problems.

3. Executing JSON backend.

End of script. Logfile hash: c1560fc418, time: 0.16s, user: 0.05s, system: 0.01s, MEM: 21.41 MB peak
Yosys 0.64 (git sha1 d8dab5b32666564eca8e18f412973853ce006e61, clang++ 21.0.0 -fPIC -O3)
Time spent: 69% 1x abc (0 sec), 9% 1x techmap (0 sec), ...
